<?xml version="1.0" encoding="UTF-8"?>
<testng-results skipped="0" failed="0" ignored="0" total="1" passed="1">
  <reporter-output>
  </reporter-output>
  <suite name="Default suite" duration-ms="363" started-at="2020-08-09T14:05:25Z" finished-at="2020-08-09T14:05:26Z">
    <groups>
    </groups>
    <test name="Default test" duration-ms="363" started-at="2020-08-09T14:05:25Z" finished-at="2020-08-09T14:05:26Z">
      <class name="com.actitime.login.Demo">
        <test-method status="PASS" signature="login()[pri:0, instance:com.actitime.login.Demo@258e2e41]" name="login" duration-ms="319" started-at="2020-08-09T19:35:26Z" finished-at="2020-08-09T19:35:26Z">
          <reporter-output>
          </reporter-output>
        </test-method> <!-- login -->
      </class> <!-- com.actitime.login.Demo -->
    </test> <!-- Default test -->
  </suite> <!-- Default suite -->
</testng-results>
