<?xml version="1.0" encoding="UTF-8"?>
<testng-results skipped="0" failed="0" ignored="0" total="1" passed="1">
  <reporter-output>
    <line>
      <![CDATA[script is running successfully]]>
    </line>
  </reporter-output>
  <suite name="Suite" duration-ms="219" started-at="2020-06-29T10:06:54 IST" finished-at="2020-06-29T10:06:54 IST">
    <groups>
    </groups>
    <test name="Test" duration-ms="219" started-at="2020-06-29T10:06:54 IST" finished-at="2020-06-29T10:06:54 IST">
      <class name="com.actitime.login.Demo">
        <test-method status="PASS" signature="login()[pri:0, instance:com.actitime.login.Demo@3043fe0e]" name="login" duration-ms="38" started-at="2020-06-29T10:06:54 IST" finished-at="2020-06-29T10:06:54 IST">
          <reporter-output>
            <line>
              <![CDATA[script is running successfully]]>
            </line>
          </reporter-output>
        </test-method> <!-- login -->
      </class> <!-- com.actitime.login.Demo -->
    </test> <!-- Test -->
  </suite> <!-- Suite -->
</testng-results>
